INFO:sim:172 - Generating IP...
Resolving generics for 'GameOver'...
Applying external generics to 'GameOver'...
Delivering associated files for 'GameOver'...
Delivering EJava files for 'GameOver'...
Generating implementation netlist for 'GameOver'...
INFO:sim - Pre-processing HDL files for 'GameOver'...
Running synthesis for 'GameOver'
Running ngcbuild...
Writing VEO instantiation template for 'GameOver'...
Writing Verilog behavioral simulation model for 'GameOver'...
WARNING:sim - Overwriting existing file
   G:/Computer_and_logic/Bird_flying_new/ipcore_dir/tmp/_cg/GameOver/doc/blk_mem
   _gen_v7_3_vinfo.html with file from view xilinx_documentation
Delivered 1 file into directory
G:/Computer_and_logic/Bird_flying_new/ipcore_dir/tmp/_cg/GameOver
Generating ASY schematic symbol...
INFO:sim:949 - Finished generation of ASY schematic symbol.
Generating SYM schematic symbol for 'GameOver'...
Generating metadata file...
Generating ISE project file for 'GameOver'...
Generating ISE project...
XCO file found: GameOver.xco
XMDF file found: GameOver_xmdf.tcl
Adding G:/Computer_and_logic/Bird_flying_new/ipcore_dir/tmp/_cg/GameOver.asy
-view all -origin_type imported
Adding G:/Computer_and_logic/Bird_flying_new/ipcore_dir/tmp/_cg/GameOver.ngc
-view all -origin_type created
Checking file
"G:/Computer_and_logic/Bird_flying_new/ipcore_dir/tmp/_cg/GameOver.ngc" for
project device match ...
File "G:/Computer_and_logic/Bird_flying_new/ipcore_dir/tmp/_cg/GameOver.ngc"
device information matches project device.
Adding G:/Computer_and_logic/Bird_flying_new/ipcore_dir/tmp/_cg/GameOver.sym
-view all -origin_type imported
Adding G:/Computer_and_logic/Bird_flying_new/ipcore_dir/tmp/_cg/GameOver.v -view
all -origin_type created
INFO:HDLCompiler:1845 - Analyzing Verilog file
   "G:/Computer_and_logic/Bird_flying_new/ipcore_dir/tmp/_cg/GameOver.v" into
   library work
INFO:ProjectMgmt - Parsing design hierarchy completed successfully.
Adding G:/Computer_and_logic/Bird_flying_new/ipcore_dir/tmp/_cg/GameOver.veo
-view all -origin_type imported
INFO:TclTasksC:2116 - The automatic calculation of top has been turned-off.
   Please set the new top explicitly by running the "project set top" command.
   To re-calculate the new top automatically, set the "Auto Implementation Top"
   property to true.
Top level has been set to "/GameOver"
Generating README file...
Generating FLIST file...
INFO:sim:948 - Finished FLIST file generation.
Launching README viewer...
Moving files to output directory...
Finished moving files to output directory
Wrote CGP file for project 'GameOver'.
